<?xml version="1.0" encoding="UTF-8"?>
<testng-results ignored="0" total="1" passed="1" failed="0" skipped="0">
  <reporter-output>
  </reporter-output>
  <suite started-at="2022-12-08T08:19:38 IST" name="Suite" finished-at="2022-12-08T08:19:45 IST" duration-ms="6611">
    <groups>
    </groups>
    <test started-at="2022-12-08T08:19:38 IST" name="Test" finished-at="2022-12-08T08:19:45 IST" duration-ms="6611">
      <class name="com.Test.Test_1">
        <test-method is-config="true" signature="initialization()[pri:0, instance:com.Test.Test_1@1e461e41]" started-at="2022-12-08T08:19:37 IST" name="initialization" finished-at="2022-12-08T08:19:38 IST" duration-ms="1027" status="PASS">
          <reporter-output>
          </reporter-output>
        </test-method> <!-- initialization -->
        <test-method is-config="true" signature="setUp(java.lang.String)[pri:0, instance:com.Test.Test_1@1e461e41]" started-at="2022-12-08T08:19:38 IST" name="setUp" finished-at="2022-12-08T08:19:43 IST" duration-ms="4618" status="PASS">
          <params>
            <param index="0">
              <value>
                <![CDATA[chrome]]>
              </value>
            </param>
          </params>
          <reporter-output>
          </reporter-output>
        </test-method> <!-- setUp -->
        <test-method signature="verify_loginpage()[pri:0, instance:com.Test.Test_1@1e461e41]" started-at="2022-12-08T08:19:43 IST" name="verify_loginpage" finished-at="2022-12-08T08:19:43 IST" duration-ms="377" status="PASS">
          <reporter-output>
          </reporter-output>
        </test-method> <!-- verify_loginpage -->
        <test-method is-config="true" signature="tearDown()[pri:0, instance:com.Test.Test_1@1e461e41]" started-at="2022-12-08T08:19:44 IST" name="tearDown" finished-at="2022-12-08T08:19:45 IST" duration-ms="261" status="PASS">
          <reporter-output>
          </reporter-output>
        </test-method> <!-- tearDown -->
      </class> <!-- com.Test.Test_1 -->
    </test> <!-- Test -->
  </suite> <!-- Suite -->
</testng-results>
