<?xml version="1.0" encoding="UTF-8"?>
<testng-results ignored="0" total="1" passed="1" failed="0" skipped="0">
  <reporter-output>
  </reporter-output>
  <suite started-at="2022-12-05T09:18:31 IST" name="Suite" finished-at="2022-12-05T09:18:37 IST" duration-ms="5322">
    <groups>
    </groups>
    <test started-at="2022-12-05T09:18:31 IST" name="Test" finished-at="2022-12-05T09:18:37 IST" duration-ms="5322">
      <class name="com.Test.Test_1">
        <test-method is-config="true" signature="initialization()[pri:0, instance:com.Test.Test_1@272113c4]" started-at="2022-12-05T09:18:30 IST" name="initialization" finished-at="2022-12-05T09:18:31 IST" duration-ms="1100" status="PASS">
          <reporter-output>
          </reporter-output>
        </test-method> <!-- initialization -->
        <test-method is-config="true" signature="setUp(java.lang.String)[pri:0, instance:com.Test.Test_1@272113c4]" started-at="2022-12-05T09:18:32 IST" name="setUp" finished-at="2022-12-05T09:18:36 IST" duration-ms="4677" status="PASS">
          <params>
            <param index="0">
              <value>
                <![CDATA[chrome]]>
              </value>
            </param>
          </params>
          <reporter-output>
          </reporter-output>
        </test-method> <!-- setUp -->
        <test-method signature="verify_loginpage()[pri:0, instance:com.Test.Test_1@272113c4]" started-at="2022-12-05T09:18:36 IST" name="verify_loginpage" finished-at="2022-12-05T09:18:37 IST" duration-ms="379" status="PASS">
          <reporter-output>
          </reporter-output>
        </test-method> <!-- verify_loginpage -->
        <test-method is-config="true" signature="tearDown()[pri:0, instance:com.Test.Test_1@272113c4]" started-at="2022-12-05T09:18:37 IST" name="tearDown" finished-at="2022-12-05T09:18:37 IST" duration-ms="221" status="PASS">
          <reporter-output>
          </reporter-output>
        </test-method> <!-- tearDown -->
      </class> <!-- com.Test.Test_1 -->
    </test> <!-- Test -->
  </suite> <!-- Suite -->
</testng-results>
